Command line:
   TBPort_isim_beh.exe
     -simmode  gui
     -simrunnum  0
     -socket  49770

Wed Sep 22 13:46:27 2021


 Elaboration Time: 0.09375 sec

 Current Memory Usage: 4674.16 Meg

 Total Signals          : 11
 Total Nets             : 22
 Total Signal Drivers   : 7
 Total Blocks           : 5
 Total Primitive Blocks : 4
 Total Processes        : 4
 Total Traceable Variables  : 11
 Total Scalar Nets and Variables : 401
Total Line Count : 17

 Total Simulation Time: 0.265625 sec

 Current Memory Usage: 4988.73 Meg

Wed Sep 22 13:49:21 2021

