Release 14.5 - xst P.58f (nt64)
Copyright (c) 1995-2012 Xilinx, Inc.  All rights reserved.
--> Parameter TMPDIR set to xst/projnav.tmp


Total REAL time to Xst completion: 1.00 secs
Total CPU time to Xst completion: 0.60 secs
 
--> Parameter xsthdpdir set to xst


Total REAL time to Xst completion: 1.00 secs
Total CPU time to Xst completion: 0.60 secs
 
--> Reading design: Rom.prj

TABLE OF CONTENTS
  1) Synthesis Options Summary
  2) HDL Parsing
  3) HDL Elaboration
  4) HDL Synthesis
       4.1) HDL Synthesis Report
  5) Advanced HDL Synthesis
       5.1) Advanced HDL Synthesis Report
  6) Low Level Synthesis
  7) Partition Report
  8) Design Summary
       8.1) Primitive and Black Box Usage
       8.2) Device utilization summary
       8.3) Partition Resource Summary
       8.4) Timing Report
            8.4.1) Clock Information
            8.4.2) Asynchronous Control Signals Information
            8.4.3) Timing Summary
            8.4.4) Timing Details
            8.4.5) Cross Clock Domains Report


=========================================================================
*                      Synthesis Options Summary                        *
=========================================================================
---- Source Parameters
Input File Name                    : "Rom.prj"
Ignore Synthesis Constraint File   : NO

---- Target Parameters
Output File Name                   : "Rom"
Output Format                      : NGC
Target Device                      : xc6slx9-2-csg225

---- Source Options
Top Module Name                    : Rom
Automatic FSM Extraction           : YES
FSM Encoding Algorithm             : Auto
Safe Implementation                : No
FSM Style                          : LUT
RAM Extraction                     : Yes
RAM Style                          : Auto
ROM Extraction                     : Yes
Shift Register Extraction          : YES
ROM Style                          : Auto
Resource Sharing                   : YES
Asynchronous To Synchronous        : NO
Shift Register Minimum Size        : 2
Use DSP Block                      : Auto
Automatic Register Balancing       : No

---- Target Options
LUT Combining                      : Auto
Reduce Control Sets                : Auto
Add IO Buffers                     : YES
Global Maximum Fanout              : 100000
Add Generic Clock Buffer(BUFG)     : 16
Register Duplication               : YES
Optimize Instantiated Primitives   : NO
Use Clock Enable                   : Auto
Use Synchronous Set                : Auto
Use Synchronous Reset              : Auto
Pack IO Registers into IOBs        : Auto
Equivalent register Removal        : YES

---- General Options
Optimization Goal                  : Speed
Optimization Effort                : 1
Power Reduction                    : NO
Keep Hierarchy                     : No
Netlist Hierarchy                  : As_Optimized
RTL Output                         : Yes
Global Optimization                : AllClockNets
Read Cores                         : YES
Write Timing Constraints           : NO
Cross Clock Analysis               : NO
Hierarchy Separator                : /
Bus Delimiter                      : <>
Case Specifier                     : Maintain
Slice Utilization Ratio            : 100
BRAM Utilization Ratio             : 100
DSP48 Utilization Ratio            : 100
Auto BRAM Packing                  : NO
Slice Utilization Ratio Delta      : 5

=========================================================================


=========================================================================
*                          HDL Parsing                                  *
=========================================================================
Parsing VHDL file "C:\ISE P N\Mem_rom\Rom.vhd" into library work
Parsing entity <Rom>.
Parsing architecture <Behavioral> of entity <rom>.

=========================================================================
*                            HDL Elaboration                            *
=========================================================================

Elaborating entity <Rom> (architecture <Behavioral>) from library <work>.
INFO:HDLCompiler:679 - "C:\ISE P N\Mem_rom\Rom.vhd" Line 50. Case statement is complete. others clause is never selected

=========================================================================
*                           HDL Synthesis                               *
=========================================================================

Synthesizing Unit <Rom>.
    Related source file is "C:\ISE P N\Mem_rom\Rom.vhd".
    Found 24-bit register for signal <salida>.
    Found 16x24-bit Read Only RAM for signal <dire[3]_GND_5_o_wide_mux_0_OUT>
    Summary:
	inferred   1 RAM(s).
	inferred  24 D-type flip-flop(s).
Unit <Rom> synthesized.

=========================================================================
HDL Synthesis Report

Macro Statistics
# RAMs                                                 : 1
 16x24-bit single-port Read Only RAM                   : 1
# Registers                                            : 1
 24-bit register                                       : 1

=========================================================================

=========================================================================
*                       Advanced HDL Synthesis                          *
=========================================================================


Synthesizing (advanced) Unit <Rom>.
INFO:Xst:3231 - The small RAM <Mram_dire[3]_GND_5_o_wide_mux_0_OUT> will be implemented on LUTs in order to maximize performance and save block RAM resources. If you want to force its implementation on block, use option/constraint ram_style.
    -----------------------------------------------------------------------
    | ram_type           | Distributed                         |          |
    -----------------------------------------------------------------------
    | Port A                                                              |
    |     aspect ratio   | 16-word x 24-bit                    |          |
    |     weA            | connected to signal <GND>           | high     |
    |     addrA          | connected to signal <dire>          |          |
    |     diA            | connected to signal <GND>           |          |
    |     doA            | connected to internal node          |          |
    -----------------------------------------------------------------------
Unit <Rom> synthesized (advanced).

=========================================================================
Advanced HDL Synthesis Report

Macro Statistics
# RAMs                                                 : 1
 16x24-bit single-port distributed Read Only RAM       : 1
# Registers                                            : 24
 Flip-Flops                                            : 24

=========================================================================

=========================================================================
*                         Low Level Synthesis                           *
=========================================================================

Optimizing unit <Rom> ...

Mapping all equations...
Building and optimizing final netlist ...
Found area constraint ratio of 100 (+ 5) on block Rom, actual ratio is 0.

Final Macro Processing ...

=========================================================================
Final Register Report

Macro Statistics
# Registers                                            : 24
 Flip-Flops                                            : 24

=========================================================================

=========================================================================
*                           Partition Report                            *
=========================================================================

Partition Implementation Status
-------------------------------

  No Partitions were found in this design.

-------------------------------

=========================================================================
*                            Design Summary                             *
=========================================================================

Top Level Output File Name         : Rom.ngc

Primitive and Black Box Usage:
------------------------------
# BELS                             : 24
#      LUT4                        : 24
# FlipFlops/Latches                : 24
#      FD_1                        : 24
# Clock Buffers                    : 1
#      BUFGP                       : 1
# IO Buffers                       : 28
#      IBUF                        : 4
#      OBUF                        : 24

Device utilization summary:
---------------------------

Selected Device : 6slx9csg225-2 


Slice Logic Utilization: 
 Number of Slice LUTs:                   24  out of   5720     0%  
    Number used as Logic:                24  out of   5720     0%  

Slice Logic Distribution: 
 Number of LUT Flip Flop pairs used:     24
   Number with an unused Flip Flop:      24  out of     24   100%  
   Number with an unused LUT:             0  out of     24     0%  
   Number of fully used LUT-FF pairs:     0  out of     24     0%  
   Number of unique control sets:         1

IO Utilization: 
 Number of IOs:                          29
 Number of bonded IOBs:                  29  out of    160    18%  
    IOB Flip Flops/Latches:              24

Specific Feature Utilization:
 Number of BUFG/BUFGCTRL/BUFHCEs:         1  out of     16     6%  

---------------------------
Partition Resource Summary:
---------------------------

  No Partitions were found in this design.

---------------------------


=========================================================================
Timing Report

NOTE: THESE TIMING NUMBERS ARE ONLY A SYNTHESIS ESTIMATE.
      FOR ACCURATE TIMING INFORMATION PLEASE REFER TO THE TRACE REPORT
      GENERATED AFTER PLACE-and-ROUTE.

Clock Information:
------------------
-----------------------------------+------------------------+-------+
Clock Signal                       | Clock buffer(FF name)  | Load  |
-----------------------------------+------------------------+-------+
clk                                | BUFGP                  | 24    |
-----------------------------------+------------------------+-------+

Asynchronous Control Signals Information:
----------------------------------------
No asynchronous control signals found in this design

Timing Summary:
---------------
Speed Grade: -2

   Minimum period: No path found
   Minimum input arrival time before clock: 3.312ns
   Maximum output required time after clock: 4.118ns
   Maximum combinational path delay: No path found

Timing Details:
---------------
All values displayed in nanoseconds (ns)

=========================================================================
Timing constraint: Default OFFSET IN BEFORE for Clock 'clk'
  Total number of paths / destination ports: 96 / 24
-------------------------------------------------------------------------
Offset:              3.312ns (Levels of Logic = 2)
  Source:            dire<2> (PAD)
  Destination:       salida_0 (FF)
  Destination Clock: clk falling

  Data Path: dire<2> to salida_0
                                Gate     Net
    Cell:in->out      fanout   Delay   Delay  Logical Name (Net Name)
    ----------------------------------------  ------------
     IBUF:I->O            24   1.328   1.656  dire_2_IBUF (dire_2_IBUF)
     LUT4:I0->O            1   0.254   0.000  Mram_dire[3]_GND_5_o_wide_mux_0_OUT101 (Mram_dire[3]_GND_5_o_wide_mux_0_OUT10)
     FD_1:D                    0.074          salida_10
    ----------------------------------------
    Total                      3.312ns (1.656ns logic, 1.656ns route)
                                       (50.0% logic, 50.0% route)

=========================================================================
Timing constraint: Default OFFSET OUT AFTER for Clock 'clk'
  Total number of paths / destination ports: 24 / 24
-------------------------------------------------------------------------
Offset:              4.118ns (Levels of Logic = 1)
  Source:            salida_23 (FF)
  Destination:       salida<23> (PAD)
  Source Clock:      clk falling

  Data Path: salida_23 to salida<23>
                                Gate     Net
    Cell:in->out      fanout   Delay   Delay  Logical Name (Net Name)
    ----------------------------------------  ------------
     FD_1:C->Q             1   0.525   0.681  salida_23 (salida_23)
     OBUF:I->O                 2.912          salida_23_OBUF (salida<23>)
    ----------------------------------------
    Total                      4.118ns (3.437ns logic, 0.681ns route)
                                       (83.5% logic, 16.5% route)

=========================================================================

Cross Clock Domains Report:
--------------------------

=========================================================================


Total REAL time to Xst completion: 31.00 secs
Total CPU time to Xst completion: 30.93 secs
 
--> 

Total memory usage is 4467672 kilobytes

Number of errors   :    0 (   0 filtered)
Number of warnings :    0 (   0 filtered)
Number of infos    :    1 (   0 filtered)

