Release 14.5 - xst P.58f (nt64)
Copyright (c) 1995-2012 Xilinx, Inc.  All rights reserved.
--> Parameter TMPDIR set to xst/projnav.tmp


Total REAL time to Xst completion: 0.00 secs
Total CPU time to Xst completion: 0.47 secs
 
--> Parameter xsthdpdir set to xst


Total REAL time to Xst completion: 0.00 secs
Total CPU time to Xst completion: 0.48 secs
 
--> Reading design: DecodA.prj

TABLE OF CONTENTS
  1) Synthesis Options Summary
  2) HDL Parsing
  3) HDL Elaboration
  4) HDL Synthesis
       4.1) HDL Synthesis Report
  5) Advanced HDL Synthesis
       5.1) Advanced HDL Synthesis Report
  6) Low Level Synthesis
  7) Partition Report
  8) Design Summary
       8.1) Primitive and Black Box Usage
       8.2) Device utilization summary
       8.3) Partition Resource Summary
       8.4) Timing Report
            8.4.1) Clock Information
            8.4.2) Asynchronous Control Signals Information
            8.4.3) Timing Summary
            8.4.4) Timing Details
            8.4.5) Cross Clock Domains Report


=========================================================================
*                      Synthesis Options Summary                        *
=========================================================================
---- Source Parameters
Input File Name                    : "DecodA.prj"
Ignore Synthesis Constraint File   : NO

---- Target Parameters
Output File Name                   : "DecodA"
Output Format                      : NGC
Target Device                      : xc6slx9-2-csg225

---- Source Options
Top Module Name                    : DecodA
Automatic FSM Extraction           : YES
FSM Encoding Algorithm             : Auto
Safe Implementation                : No
FSM Style                          : LUT
RAM Extraction                     : Yes
RAM Style                          : Auto
ROM Extraction                     : Yes
Shift Register Extraction          : YES
ROM Style                          : Auto
Resource Sharing                   : YES
Asynchronous To Synchronous        : NO
Shift Register Minimum Size        : 2
Use DSP Block                      : Auto
Automatic Register Balancing       : No

---- Target Options
LUT Combining                      : Auto
Reduce Control Sets                : Auto
Add IO Buffers                     : YES
Global Maximum Fanout              : 100000
Add Generic Clock Buffer(BUFG)     : 16
Register Duplication               : YES
Optimize Instantiated Primitives   : NO
Use Clock Enable                   : Auto
Use Synchronous Set                : Auto
Use Synchronous Reset              : Auto
Pack IO Registers into IOBs        : Auto
Equivalent register Removal        : YES

---- General Options
Optimization Goal                  : Speed
Optimization Effort                : 1
Power Reduction                    : NO
Keep Hierarchy                     : No
Netlist Hierarchy                  : As_Optimized
RTL Output                         : Yes
Global Optimization                : AllClockNets
Read Cores                         : YES
Write Timing Constraints           : NO
Cross Clock Analysis               : NO
Hierarchy Separator                : /
Bus Delimiter                      : <>
Case Specifier                     : Maintain
Slice Utilization Ratio            : 100
BRAM Utilization Ratio             : 100
DSP48 Utilization Ratio            : 100
Auto BRAM Packing                  : NO
Slice Utilization Ratio Delta      : 5

=========================================================================


=========================================================================
*                          HDL Parsing                                  *
=========================================================================
Parsing VHDL file "C:\ISE P N\DecodificadorA\DecodA.vhd" into library work
Parsing entity <DecodA>.
Parsing architecture <Behavioral> of entity <decoda>.

=========================================================================
*                            HDL Elaboration                            *
=========================================================================

Elaborating entity <DecodA> (architecture <Behavioral>) from library <work>.

=========================================================================
*                           HDL Synthesis                               *
=========================================================================

Synthesizing Unit <DecodA>.
    Related source file is "C:\ISE P N\DecodificadorA\DecodA.vhd".
    Found 4-bit register for signal <res>.
    Found 4-bit register for signal <tmpA>.
    Summary:
	inferred   8 D-type flip-flop(s).
	inferred   3 Multiplexer(s).
Unit <DecodA> synthesized.

=========================================================================
HDL Synthesis Report

Macro Statistics
# Registers                                            : 2
 4-bit register                                        : 2
# Multiplexers                                         : 3
 4-bit 2-to-1 multiplexer                              : 3

=========================================================================

=========================================================================
*                       Advanced HDL Synthesis                          *
=========================================================================


=========================================================================
Advanced HDL Synthesis Report

Macro Statistics
# Registers                                            : 8
 Flip-Flops                                            : 8
# Multiplexers                                         : 3
 4-bit 2-to-1 multiplexer                              : 3

=========================================================================

=========================================================================
*                         Low Level Synthesis                           *
=========================================================================

Optimizing unit <DecodA> ...

Mapping all equations...
Building and optimizing final netlist ...
Found area constraint ratio of 100 (+ 5) on block DecodA, actual ratio is 0.

Final Macro Processing ...

=========================================================================
Final Register Report

Macro Statistics
# Registers                                            : 8
 Flip-Flops                                            : 8

=========================================================================

=========================================================================
*                           Partition Report                            *
=========================================================================

Partition Implementation Status
-------------------------------

  No Partitions were found in this design.

-------------------------------

=========================================================================
*                            Design Summary                             *
=========================================================================

Top Level Output File Name         : DecodA.ngc

Primitive and Black Box Usage:
------------------------------
# BELS                             : 6
#      INV                         : 1
#      LUT3                        : 1
#      LUT6                        : 4
# FlipFlops/Latches                : 8
#      FDE_1                       : 8
# Clock Buffers                    : 1
#      BUFGP                       : 1
# IO Buffers                       : 23
#      IBUF                        : 19
#      OBUF                        : 4

Device utilization summary:
---------------------------

Selected Device : 6slx9csg225-2 


Slice Logic Utilization: 
 Number of Slice Registers:               8  out of  11440     0%  
 Number of Slice LUTs:                    6  out of   5720     0%  
    Number used as Logic:                 6  out of   5720     0%  

Slice Logic Distribution: 
 Number of LUT Flip Flop pairs used:     14
   Number with an unused Flip Flop:       6  out of     14    42%  
   Number with an unused LUT:             8  out of     14    57%  
   Number of fully used LUT-FF pairs:     0  out of     14     0%  
   Number of unique control sets:         2

IO Utilization: 
 Number of IOs:                          24
 Number of bonded IOBs:                  24  out of    160    15%  

Specific Feature Utilization:
 Number of BUFG/BUFGCTRL/BUFHCEs:         1  out of     16     6%  

---------------------------
Partition Resource Summary:
---------------------------

  No Partitions were found in this design.

---------------------------


=========================================================================
Timing Report

NOTE: THESE TIMING NUMBERS ARE ONLY A SYNTHESIS ESTIMATE.
      FOR ACCURATE TIMING INFORMATION PLEASE REFER TO THE TRACE REPORT
      GENERATED AFTER PLACE-and-ROUTE.

Clock Information:
------------------
-----------------------------------+------------------------+-------+
Clock Signal                       | Clock buffer(FF name)  | Load  |
-----------------------------------+------------------------+-------+
clk                                | BUFGP                  | 8     |
-----------------------------------+------------------------+-------+

Asynchronous Control Signals Information:
----------------------------------------
No asynchronous control signals found in this design

Timing Summary:
---------------
Speed Grade: -2

   Minimum period: 1.280ns (Maximum Frequency: 781.250MHz)
   Minimum input arrival time before clock: 3.632ns
   Maximum output required time after clock: 4.118ns
   Maximum combinational path delay: No path found

Timing Details:
---------------
All values displayed in nanoseconds (ns)

=========================================================================
Timing constraint: Default period analysis for Clock 'clk'
  Clock period: 1.280ns (frequency: 781.250MHz)
  Total number of paths / destination ports: 4 / 4
-------------------------------------------------------------------------
Delay:               1.280ns (Levels of Logic = 0)
  Source:            tmpA_0 (FF)
  Destination:       tmpres_0 (FF)
  Source Clock:      clk falling
  Destination Clock: clk falling

  Data Path: tmpA_0 to tmpres_0
                                Gate     Net
    Cell:in->out      fanout   Delay   Delay  Logical Name (Net Name)
    ----------------------------------------  ------------
     FDE_1:C->Q            1   0.525   0.681  tmpA_0 (tmpA_0)
     FDE_1:D                   0.074          tmpres_0
    ----------------------------------------
    Total                      1.280ns (0.599ns logic, 0.681ns route)
                                       (46.8% logic, 53.2% route)

=========================================================================
Timing constraint: Default OFFSET IN BEFORE for Clock 'clk'
  Total number of paths / destination ports: 40 / 12
-------------------------------------------------------------------------
Offset:              3.632ns (Levels of Logic = 2)
  Source:            ctrl<1> (PAD)
  Destination:       tmpres_0 (FF)
  Destination Clock: clk falling

  Data Path: ctrl<1> to tmpres_0
                                Gate     Net
    Cell:in->out      fanout   Delay   Delay  Logical Name (Net Name)
    ----------------------------------------  ------------
     IBUF:I->O             5   1.328   0.949  ctrl_1_IBUF (ctrl_1_IBUF)
     LUT3:I1->O            4   0.250   0.803  _n0026<2>1 (_n0026)
     FDE_1:CE                  0.302          tmpres_0
    ----------------------------------------
    Total                      3.632ns (1.880ns logic, 1.752ns route)
                                       (51.8% logic, 48.2% route)

=========================================================================
Timing constraint: Default OFFSET OUT AFTER for Clock 'clk'
  Total number of paths / destination ports: 4 / 4
-------------------------------------------------------------------------
Offset:              4.118ns (Levels of Logic = 1)
  Source:            tmpres_3 (FF)
  Destination:       res<3> (PAD)
  Source Clock:      clk falling

  Data Path: tmpres_3 to res<3>
                                Gate     Net
    Cell:in->out      fanout   Delay   Delay  Logical Name (Net Name)
    ----------------------------------------  ------------
     FDE_1:C->Q            1   0.525   0.681  tmpres_3 (tmpres_3)
     OBUF:I->O                 2.912          res_3_OBUF (res<3>)
    ----------------------------------------
    Total                      4.118ns (3.437ns logic, 0.681ns route)
                                       (83.5% logic, 16.5% route)

=========================================================================

Cross Clock Domains Report:
--------------------------

Clock to Setup on destination clock clk
---------------+---------+---------+---------+---------+
               | Src:Rise| Src:Fall| Src:Rise| Src:Fall|
Source Clock   |Dest:Rise|Dest:Rise|Dest:Fall|Dest:Fall|
---------------+---------+---------+---------+---------+
clk            |         |         |    1.280|         |
---------------+---------+---------+---------+---------+

=========================================================================


Total REAL time to Xst completion: 25.00 secs
Total CPU time to Xst completion: 24.79 secs
 
--> 

Total memory usage is 4436312 kilobytes

Number of errors   :    0 (   0 filtered)
Number of warnings :    0 (   0 filtered)
Number of infos    :    0 (   0 filtered)

