Running: C:\Xilinx\14.5\ISE_DS\ISE\bin\nt64\unwrapped\fuse.exe -intstyle ise -incremental -lib secureip -o C:/ISE P N/DecodificadorA/TBDecodA_isim_beh.exe -prj C:/ISE P N/DecodificadorA/TBDecodA_beh.prj work.TBDecodA 
ISim P.58f (signature 0x7708f090)
Number of CPUs detected in this system: 4
Turning on mult-threading, number of parallel sub-compilation jobs: 8 
Determining compilation order of HDL files
Parsing VHDL file "C:/ISE P N/DecodificadorA/DecodA.vhd" into library work
Parsing VHDL file "C:/ISE P N/DecodificadorA/TBDecodA.vhd" into library work
Starting static elaboration
Completed static elaboration
Compiling package standard
Compiling package std_logic_1164
Compiling package std_logic_arith
Compiling package std_logic_unsigned
Compiling architecture behavioral of entity DecodA [decoda_default]
Compiling architecture behavior of entity tbdecoda
Time Resolution for simulation is 1ps.
Waiting for 1 sub-compilation(s) to finish...
Compiled 7 VHDL Units
Built simulation executable C:/ISE P N/DecodificadorA/TBDecodA_isim_beh.exe
Fuse Memory Usage: 34632 KB
Fuse CPU Usage: 1687 ms
