Command line:
   TBDecodA_isim_beh.exe
     -simmode  gui
     -simrunnum  0
     -socket  64900

Wed Sep 22 13:12:02 2021


 Elaboration Time: 0.109375 sec

 Current Memory Usage: 4674.19 Meg

 Total Signals          : 20
 Total Nets             : 48
 Total Signal Drivers   : 13
 Total Blocks           : 5
 Total Primitive Blocks : 4
 Total Processes        : 7
 Total Traceable Variables  : 11
 Total Scalar Nets and Variables : 427
Total Line Count : 25

 Total Simulation Time: 0.859375 sec

 Current Memory Usage: 4988.76 Meg

Wed Sep 22 13:25:14 2021

